<?xml version="1.0" encoding="UTF-8"?>
<testng-results skipped="0" failed="0" total="1" passed="1">
  <reporter-output>
  </reporter-output>
  <suite name="hu.epam.daotest.DaoTest" duration-ms="258" started-at="2016-07-14T13:54:52Z" finished-at="2016-07-14T13:54:53Z">
    <groups>
    </groups>
    <test name="Command line test" duration-ms="258" started-at="2016-07-14T13:54:52Z" finished-at="2016-07-14T13:54:53Z">
      <class name="hu.epam.daotest.DaoTest">
        <test-method status="PASS" signature="composeDataShouldReturnOneQuestion()[pri:0, instance:hu.epam.daotest.DaoTest@513b52af]" name="composeDataShouldReturnOneQuestion" duration-ms="249" started-at="2016-07-14T15:54:52Z" finished-at="2016-07-14T15:54:53Z">
          <reporter-output>
          </reporter-output>
        </test-method> <!-- composeDataShouldReturnOneQuestion -->
      </class> <!-- hu.epam.daotest.DaoTest -->
    </test> <!-- Command line test -->
  </suite> <!-- hu.epam.daotest.DaoTest -->
</testng-results>
