<?xml version="1.0" encoding="UTF-8"?>
<testng-results skipped="0" failed="0" total="1" passed="1">
  <reporter-output>
  </reporter-output>
  <suite name="Default suite" duration-ms="413" started-at="2016-07-15T06:34:16Z" finished-at="2016-07-15T06:34:17Z">
    <groups>
    </groups>
    <test name="Default test" duration-ms="413" started-at="2016-07-15T06:34:16Z" finished-at="2016-07-15T06:34:17Z">
      <class name="hu.epam.daotest.DaoTest">
        <test-method status="PASS" signature="composeDataShouldReturnOneQuestion()[pri:0, instance:hu.epam.daotest.DaoTest@16a5eb6d]" name="composeDataShouldReturnOneQuestion" duration-ms="401" started-at="2016-07-15T08:34:16Z" finished-at="2016-07-15T08:34:17Z">
          <reporter-output>
          </reporter-output>
        </test-method> <!-- composeDataShouldReturnOneQuestion -->
      </class> <!-- hu.epam.daotest.DaoTest -->
    </test> <!-- Default test -->
  </suite> <!-- Default suite -->
</testng-results>
